============================================================
  Generated by:           Genus(TM) Synthesis Solution 21.14-s082_1
  Generated on:           Apr 24 2026  02:06:08 pm
  Module:                 top_simd_alignment
  Operating conditions:   slow (balanced_tree)
  Wireload mode:          enclosed
  Area mode:              timing library
============================================================


Path 1: MET (1 ps) Setup Check with Pin MAX_max_score_reg[2]/CK->SE
          Group: clk
     Startpoint: (F) ref_bases[112]
          Clock: (R) clk
       Endpoint: (F) MAX_max_score_reg[2]/SE
          Clock: (R) clk

                     Capture       Launch     
        Clock Edge:+   20000            0     
        Drv Adjust:+       0            0     
       Src Latency:+       0            0     
       Net Latency:+       0 (I)        0 (I) 
           Arrival:=   20000            0     
                                              
             Setup:-     316                  
       Uncertainty:-     400                  
     Required Time:=   19284                  
      Launch Clock:-       0                  
       Input Delay:-    2000                  
         Data Path:-   17284                  
             Slack:=       1                  

Exceptions/Constraints:
  multi_cycle     0-launch, 2-capture     zipped_multi_cycle_1        
  input_delay             2000            constraints.sdc_line_8_17_1 

#-------------------------------------------------------------------------------------------------
#      Timing Point       Flags    Arc   Edge   Cell     Fanout Load Trans Delay Arrival Instance 
#                                                               (fF)  (ps)  (ps)   (ps)  Location 
#-------------------------------------------------------------------------------------------------
  ref_bases[112]          -       -      F     (arrival)      3 17.5     0     0    2000    (-,-) 
  g160593/Y               -       A->Y   R     CLKINVX2       1 10.9    53    42    2042    (-,-) 
  g160334/Y               -       B1->Y  F     OAI22X4        1 10.9   110    75    2117    (-,-) 
  g160150/Y               -       B->Y   R     NOR2X4         1 11.0    81    85    2201    (-,-) 
  g160080/Y               -       B->Y   F     NAND2X4        2 13.6    72    74    2275    (-,-) 
  g159932/Y               -       A->Y   R     CLKINVX1       1  5.6    61    68    2343    (-,-) 
  g159642/Y               -       B->Y   F     NAND3X2        4  7.7   121   114    2457    (-,-) 
  g161641/Y               -       A1N->Y F     OAI2BB1X1      2  5.4   110   168    2625    (-,-) 
  g159165/Y               -       B->Y   R     NOR2X1         1  2.8    82    86    2712    (-,-) 
  g159124/Y               -       B0->Y  F     AOI21X1        2  5.5   114    63    2775    (-,-) 
  g158831/Y               -       A1->Y  R     AOI21X1        1  2.6    88    98    2873    (-,-) 
  g158545/Y               -       A0->Y  F     AOI21X1        1  5.3   111   109    2981    (-,-) 
  g157518/Y               -       A1->Y  R     AOI21X2        1  5.3    85    96    3077    (-,-) 
  g157306/Y               -       A1->Y  F     OAI21X2        4 13.6   133   112    3189    (-,-) 
  g157252/Y               -       B->Y   R     NAND2X1        2  5.5    86    88    3277    (-,-) 
  g157190/Y               -       A1->Y  F     OAI22X1        1  5.3   133   116    3393    (-,-) 
  g157153/Y               -       B0->Y  R     AOI21X2        5 12.7   142   139    3532    (-,-) 
  g157108/Y               -       A1->Y  F     OAI221X1       1  2.8   151   150    3682    (-,-) 
  g157065/Y               -       B0->Y  R     AOI21X1        1  2.7    98   106    3788    (-,-) 
  g157034/Y               -       A1->Y  F     OAI21X1        1  5.3   110   101    3889    (-,-) 
  g157027/Y               -       A1->Y  R     AOI21X2        3 15.8   161   154    4043    (-,-) 
  g157006/Y               -       B->Y   F     NOR2X2         5 16.4    93    92    4136    (-,-) 
  g156976/Y               -       A1->Y  R     AOI22X1        1  2.7   100   114    4250    (-,-) 
  g156959/Y               -       B0->Y  F     OAI2BB1X1      3  6.0   109   104    4353    (-,-) 
  g156951/Y               -       A->Y   R     CLKINVX1       2  8.5    89    96    4449    (-,-) 
  g156950/Y               -       A->Y   F     CLKINVX1       3  6.9    66    68    4517    (-,-) 
  g156879/Y               -       A0->Y  R     AOI211X1       1  2.8   136   149    4666    (-,-) 
  g156873/Y               -       B0->Y  F     AOI21X1        1  2.7    90    54    4720    (-,-) 
  g156857/Y               -       A1->Y  R     OAI21X1        1  5.4   132   125    4845    (-,-) 
  g156853/Y               -       B->Y   F     NAND2BX2       4 19.4   158   143    4987    (-,-) 
  g156842/Y               -       B->Y   R     NAND2X2        8 20.2   119   126    5113    (-,-) 
  g161503/Y               -       A1->Y  R     OA22XL         1  2.7    71   169    5282    (-,-) 
  g156819/Y               -       B0->Y  F     OAI2BB1X1      5  9.2   148   126    5408    (-,-) 
  g156812/Y               -       A->Y   R     CLKINVX1       5 11.3   117   126    5534    (-,-) 
  g156753/Y               -       A->Y   F     NAND3X1        1  5.6   162   149    5683    (-,-) 
  g156733/Y               -       A->Y   R     NOR2X2         1  5.4    84    99    5782    (-,-) 
  g161534/Y               -       B->Y   F     NOR2BX2        7 17.2    98    77    5858    (-,-) 
  g156711/Y               -       B->Y   R     NAND2X1        2  5.5    68    78    5937    (-,-) 
  g156700/Y               -       B->Y   F     NAND2X1        2  4.4    82    80    6017    (-,-) 
  g156678/Y               -       A->Y   R     CLKINVX1       2  8.1    80    85    6102    (-,-) 
  g156670/Y               -       B->Y   F     NAND2X2        2  4.3    69    62    6164    (-,-) 
  g156645/Y               -       A->Y   R     CLKINVX1       2  8.0    78    80    6244    (-,-) 
  g156637/Y               -       B->Y   F     NAND2X2        3  8.4    94    80    6324    (-,-) 
  g156628/Y               -       B0->Y  R     OAI21X1        1  5.3   152    79    6402    (-,-) 
  g156609/Y               -       A1->Y  F     AOI21X2        6 12.4   133   130    6533    (-,-) 
  g156596/Y               -       B->Y   R     NOR2XL         2  4.6   170   157    6689    (-,-) 
  g156581/Y               -       C->Y   F     NOR3X1         1  2.8    97    58    6747    (-,-) 
  g156578/Y               -       B0->Y  R     AOI21X1        1  2.7    97    91    6838    (-,-) 
  g156570/Y               -       A1->Y  F     OAI21X1        1  5.3   122   101    6939    (-,-) 
  g156552/Y               -       A1->Y  R     OAI21X2        4 15.3   168   158    7097    (-,-) 
  g156548/Y               -       B->Y   F     NAND2X2        8 16.4   145   137    7234    (-,-) 
  g156546/Y               -       A->Y   R     CLKINVX1       5 15.4   146   148    7382    (-,-) 
  g156541/Y               -       B0->Y  F     OAI2BB1X1      1  1.8    65    69    7450    (-,-) 
  g156524/Y               -       A->Y   F     AND2X1         4 10.0    86   146    7597    (-,-) 
  g156519/Y               -       A->Y   R     CLKINVX1       6 13.4   122   116    7713    (-,-) 
  g156484/Y               -       A1->Y  F     AOI21X1        1  2.7    90    91    7804    (-,-) 
  g156462/Y               -       A1->Y  R     OAI21X1        1  2.8    92    97    7900    (-,-) 
  g156428/Y               -       A1->Y  F     AOI21X1        1  5.6   117   111    8011    (-,-) 
  g156400/Y               -       A0->Y  R     OAI21X2        2  8.2   115   123    8133    (-,-) 
  g156398/Y               -       A->Y   F     CLKINVX1       2  4.4    60    59    8192    (-,-) 
  g156393/Y               -       B->Y   F     AND2X2         6 15.8    83   158    8351    (-,-) 
  g156391/Y               -       A->Y   R     CLKINVX2       8 17.4    83    87    8438    (-,-) 
  g156388/Y               -       B->Y   R     OR2X1          1  5.3    62   116    8554    (-,-) 
  g156331/Y               -       C0->Y  F     OAI211X2       6 15.3   215   172    8726    (-,-) 
  g156325/Y               -       A->Y   R     CLKINVX1       1  5.3    95    99    8826    (-,-) 
  g156299__5107/Y         -       C->Y   F     NAND3X2        1 10.6   174   131    8957    (-,-) 
  g156284__5115/Y         -       A1->Y  R     OAI21X4        8 16.8   126   134    9091    (-,-) 
  g156280__5122/Y         -       B->Y   F     NOR2X1         3  9.8    92    94    9185    (-,-) 
  g156270__2398/Y         -       A->Y   R     NOR2X2         3  7.2    88    96    9281    (-,-) 
  g156252__2346/Y         -       B->Y   F     NAND2X1        3  6.1   112   100    9381    (-,-) 
  g156224__1617/Y         -       B->Y   R     NOR2X1         2  4.4   104   105    9486    (-,-) 
  g156218/Y               -       A->Y   F     CLKINVX1       2  5.6    63    64    9550    (-,-) 
  g156183__1881/Y         -       A1->Y  R     AOI21X1        4  8.8   179   154    9704    (-,-) 
  g156181/Y               -       A->Y   F     CLKINVX1       3  7.2    92    86    9791    (-,-) 
  g156164__6161/Y         -       C->Y   R     NOR3X1         1  2.8   129   110    9900    (-,-) 
  g156148__6260/Y         -       B->Y   F     NAND3X1        1  5.4   162   150   10051    (-,-) 
  g156144__1666/Y         -       B->Y   R     NAND2BX2       8 15.7   101   111   10162    (-,-) 
  g156137__5115/Y         -       B->Y   F     NOR2XL         3  5.9   104    91   10253    (-,-) 
  g156133__5122/Y         -       A->Y   R     NOR2X1         2  3.8    90   100   10353    (-,-) 
  g156115__3680/Y         -       B->Y   R     CLKAND2X2      3  8.3    61   135   10488    (-,-) 
  g156077__2883/Y         -       B->Y   F     NAND2X1        3  9.7   154   126   10614    (-,-) 
  g161618/Y               -       B0->Y  R     OAI21X1        1  5.3   140    96   10710    (-,-) 
  g156042__6131/Y         -       A1->Y  F     AOI21X2        6 14.6   144   137   10847    (-,-) 
  g156032__2398/Y         -       B->Y   R     NOR2X1         2  5.6   128   128   10975    (-,-) 
  g156028__5122/Y         -       C->Y   F     NOR3X1         1  2.8    95    54   11029    (-,-) 
  g156021__2398/Y         -       B0->Y  R     AOI21X1        1  2.7    96    90   11120    (-,-) 
  g156005__9945/Y         -       A1->Y  F     OAI21X1        1  5.6   113   104   11223    (-,-) 
  g155991__1705/Y         -       A0->Y  R     OAI21X2        4 16.1   174   165   11388    (-,-) 
  g155989/Y               -       A->Y   F     CLKINVX2       2 12.6    85    78   11466    (-,-) 
  g155985__5107/Y         -       B->Y   R     NAND2X4        6 16.0    85    65   11532    (-,-) 
  g155982/Y               -       A->Y   F     CLKINVX2       6 15.5    68    70   11601    (-,-) 
  g155969__5526/Y         -       B1->Y  R     AOI22X1        1  2.8   101    89   11690    (-,-) 
  g155903__1666/Y         -       B0->Y  F     OAI21X1        5  9.5   164   144   11834    (-,-) 
  g155887__2802/Y         -       B->Y   R     NAND2XL        2  4.4   103   116   11950    (-,-) 
  g155876__6131/Y         -       A2->Y  F     AOI31X1        1  2.7   141   118   12068    (-,-) 
  g155859__4319/Y         -       A1->Y  R     OAI21X1        1 10.7   215   197   12265    (-,-) 
  g155839__2346/Y         -       A1->Y  F     OAI21X4       14 38.8   166   164   12428    (-,-) 
  g155837/Y               -       A->Y   R     CLKINVX1       5 13.9   139   146   12574    (-,-) 
  g155813__4733/Y         -       A0->Y  F     OAI22X1        1  5.3   147   136   12711    (-,-) 
  g155798__5526/Y         -       B0->Y  R     AOI21X2        5 11.4   134   136   12847    (-,-) 
  g155792/Y               -       A->Y   F     CLKINVX1       4  8.9    89    89   12936    (-,-) 
  g155782__1881/Y         -       B->Y   R     NAND2XL        1  2.8    85    76   13012    (-,-) 
  g155765__2883/Y         -       A1->Y  F     AOI21X1        1  2.6    84    82   13093    (-,-) 
  g155754__5122/Y         -       B0->Y  R     OAI22X1        1  2.8   123    94   13188    (-,-) 
  g161517/Y               -       B->Y   F     NAND3BX1       1  2.8   112   114   13302    (-,-) 
  g155700__4733/Y         -       A1->Y  F     AO21X4        16 51.9   147   294   13596    (-,-) 
  g155697__8246/Y         -       B->Y   R     NAND2X2       10 24.6   128   134   13730    (-,-) 
  g155679__7410/Y         -       B1->Y  F     OAI22X1        1  2.7    94    92   13822    (-,-) 
  g155672/Y               -       A->Y   R     CLKINVX1       1  5.6    66    75   13897    (-,-) 
  g155653__2802/Y         -       B0->Y  F     OAI2BB1X2      6 16.9   145   120   14017    (-,-) 
  g155649/Y               -       A->Y   R     CLKINVX2       5 13.9    86    95   14112    (-,-) 
  g155627__1617/Y         -       A1->Y  F     OAI21X1        1  2.7    85    75   14187    (-,-) 
  g155609__2398/Y         -       B1->Y  R     AOI221X1       1  2.7   160   152   14339    (-,-) 
  g155564__5122/Y         -       A1->Y  F     OAI21X1        1  2.6    91    85   14424    (-,-) 
  g155542__5526/Y         -       A0->Y  R     AOI21X1        3 13.2   246   216   14640    (-,-) 
  g155538/Y               -       A->Y   F     CLKINVX2       3 15.3   112    96   14736    (-,-) 
  g155534__5115/Y         -       B->Y   R     NAND2X4        8 27.5    99    90   14826    (-,-) 
  g155532/Y               -       A->Y   F     CLKINVX2       5 15.8    73    74   14900    (-,-) 
  g155498__5122/Y         -       A1->Y  R     AOI21X2        3 10.8   126   118   15018    (-,-) 
  g155494/Y               -       A->Y   F     CLKINVX2       6 12.0    70    69   15087    (-,-) 
  g155439__5477/Y         -       A->Y   R     NOR2XL         1  2.8   123   108   15195    (-,-) 
  g155419__5122/Y         -       B->Y   F     NAND2X1        1  5.3   104   101   15296    (-,-) 
  g155413__6417/Y         -       A1->Y  R     OAI21X2        8 16.4   176   159   15455    (-,-) 
  g161602/Y               -       B0->Y  F     AOI2BB1XL      2  4.4   104    99   15554    (-,-) 
  g155393__5122/Y         -       A->Y   R     NOR2X1         3  5.1   110   115   15669    (-,-) 
  g155368__5526/Y         -       B->Y   F     NAND2XL        2  4.4   133   122   15791    (-,-) 
  g155361/Y               -       A->Y   R     CLKINVX1       2  3.9    65    72   15863    (-,-) 
  g155331__4733/Y         -       B->Y   R     CLKAND2X2      3 10.6    69   137   16000    (-,-) 
  g155306/Y               -       A->Y   F     CLKINVX1       1  2.8    38    41   16041    (-,-) 
  g155296__6131/Y         -       A1->Y  R     AOI21X1        4  7.8   165   137   16178    (-,-) 
  g155293/Y               -       A->Y   F     CLKINVX1       2  5.5    80    74   16252    (-,-) 
  g155279__8246/Y         -       C->Y   R     NOR3X1         1  5.5   183   150   16402    (-,-) 
  g155258__7410/Y         -       A0->Y  F     AOI21X2        3  6.1    98   102   16504    (-,-) 
  g155251__2883/Y         -       B->Y   R     NAND2XL        2  4.4   122    95   16599    (-,-) 
  g155240__2802/Y         -       B->Y   F     NAND2X1        2  4.4    94    93   16692    (-,-) 
  g155237__6260/Y         -       B->Y   R     NOR2X1         3  5.7   119   114   16806    (-,-) 
  g155199__1666/Y         -       B->Y   R     CLKAND2X2      2  7.0    57   137   16943    (-,-) 
  g155151__5122/Y         -       B->Y   F     NAND2BX2       3  9.5    94    79   17022    (-,-) 
  g155142__6260/Y         -       B0->Y  R     OAI2BB1X1      1  2.8    60    64   17086    (-,-) 
  g155127__8428/Y         -       A1->Y  F     AOI21X1        2  5.5   113   102   17188    (-,-) 
  g155125/Y               -       A->Y   R     CLKINVX1       3  8.2    88    96   17283    (-,-) 
  g155112__6131/Y         -       B->Y   F     NAND2X1        2  4.3    84    84   17368    (-,-) 
  g155087__5122/Y         -       A1->Y  R     OAI21X1        1  2.8    91    95   17463    (-,-) 
  g155078__5107/Y         -       A1->Y  F     AOI21X1        1  2.7    94    84   17547    (-,-) 
  g155075__6417/Y         -       A1->Y  R     OAI21X1        2  4.4   116   116   17662    (-,-) 
  g155070__1666/Y         -       B->Y   R     AND2X1         2  6.9    86   176   17838    (-,-) 
  g155067__6131/Y         -       B->Y   F     NAND2X2        4 12.3   118    99   17937    (-,-) 
  g155066/Y               -       A->Y   R     CLKINVX2       4 18.7    95   102   18039    (-,-) 
  g155054__6161/Y         -       A1->Y  F     AOI21X2        4  8.8   120    99   18139    (-,-) 
  g155039__5122/Y         -       B->Y   R     NOR2XL         1  2.7   114   116   18254    (-,-) 
  g155024__4319/Y         -       A1->Y  F     OAI21X1        1  5.3   122   105   18359    (-,-) 
  g155015__5477/Y         -       B1->Y  R     AOI22X2        1 10.7   140   132   18490    (-,-) 
  g155014__6417/Y         -       A1->Y  F     OAI21X4       13 30.6   143   130   18621    (-,-) 
  g155013/Y               -       A->Y   R     CLKINVX2       3  6.0    60    64   18684    (-,-) 
  g155007__4733/Y         -       B->Y   F     NAND2XL        1  2.8   105    85   18769    (-,-) 
  g154999__8246/Y         -       B0->Y  R     OAI21X1        2  5.6   141    84   18853    (-,-) 
  g154998__2802/Y         -       B1->Y  F     AOI22X1        1  2.8   114    86   18940    (-,-) 
  g154994__3680/Y         -       B->Y   R     NAND2X1        1  2.8    59    63   19003    (-,-) 
  g154993__6783/Y         -       A1N->Y R     AOI2BB1X4      6 23.9   130   187   19189    (-,-) 
  g154992/Y               -       A->Y   F     CLKINVX6      13 60.4    93    94   19284    (-,-) 
  MAX_max_score_reg[2]/SE <<<     -      F     SDFFRHQX1     13    -     -     0   19284    (-,-) 
#-------------------------------------------------------------------------------------------------

