============================================================
  Generated by:           Genus(TM) Synthesis Solution 21.14-s082_1
  Generated on:           Apr 24 2026  02:06:09 pm
  Module:                 top_simd_alignment
  Operating conditions:   slow (balanced_tree)
  Wireload mode:          enclosed
  Area mode:              timing library
============================================================

Timing
--------

Clock  Period 
--------------
clk   10000.0 


  Cost    Critical         Violating 
 Group   Path Slack  TNS     Paths   
-------------------------------------
clk             0.6   0.0          0 
default    No paths   0.0            
-------------------------------------
Total                 0.0          0 

Instance Count
--------------
Leaf Instance Count             5379 
Physical Instance count            0 
Sequential Instance Count        810 
Combinational Instance Count    4569 
Hierarchical Instance Count        0 

Area
----
Cell Area                          40715.921
Physical Cell Area                 0.000
Total Cell Area (Cell+Physical)    40715.921
Net Area                           0.000
Total Area (Cell+Physical+Net)     40715.921

Max Fanout                         810 (clk)
Min Fanout                         0 (CTRL_wait_cycle)
Average Fanout                     2.7
Terms to net ratio                 3.8000
Terms to instance ratio            4.0013
Runtime                            177.88032100000004 seconds
Elapsed Runtime                    178 seconds
Genus peak memory usage            1910.05 
Innovus peak memory usage          no_value 
Hostname                           localhost
